<?xml version="1.0" encoding="UTF-8"?>
<testsuite xmlns:xsi="http://www.w3.org/2001/XMLSchema-instance" xsi:noNamespaceSchemaLocation="https://maven.apache.org/surefire/maven-surefire-plugin/xsd/surefire-test-report-3.0.xsd" version="3.0" name="iut.sae.saecentressante.models.GrapheTest" time="0.195" tests="23" errors="0" skipped="0" failures="0">
  <properties>
[...]
</properties>
  <testcase name="testGetNbSommets" classname="iut.sae.saecentressante.models.GrapheTest" time="0.062"/>
  <testcase name="testGetNbAretes" classname="iut.sae.saecentressante.models.GrapheTest" time="0.004"/>
  <testcase name="testGetSommetPosition" classname="iut.sae.saecentressante.models.GrapheTest" time="0.015"/>
  <testcase name="testAjAdj" classname="iut.sae.saecentressante.models.GrapheTest" time="0.002"/>
  <testcase name="testAreteToString" classname="iut.sae.saecentressante.models.GrapheTest" time="0.032"/>
  <testcase name="testSommetGetNom" classname="iut.sae.saecentressante.models.GrapheTest" time="0.002"/>
  <testcase name="testAreteSetDist" classname="iut.sae.saecentressante.models.GrapheTest" time="0.002"/>
  <testcase name="testAreteSetFiab" classname="iut.sae.saecentressante.models.GrapheTest" time="0.001"/>
  <testcase name="testSommetSetNom" classname="iut.sae.saecentressante.models.GrapheTest" time="0.001"/>
  <testcase name="testSontVoisins" classname="iut.sae.saecentressante.models.GrapheTest" time="0.001"/>
  <testcase name="testAreteGetDur" classname="iut.sae.saecentressante.models.GrapheTest" time="0.002"/>
  <testcase name="testAjSommet" classname="iut.sae.saecentressante.models.GrapheTest" time="0.002"/>
  <testcase name="testAreteSetDur" classname="iut.sae.saecentressante.models.GrapheTest" time="0.002"/>
  <testcase name="testSontVoisinsDeux" classname="iut.sae.saecentressante.models.GrapheTest" time="0.001"/>
  <testcase name="testAreteGetExtremite1" classname="iut.sae.saecentressante.models.GrapheTest" time="0.001"/>
  <testcase name="testAreteGetExtremite2" classname="iut.sae.saecentressante.models.GrapheTest" time="0.001"/>
  <testcase name="testGetSommetNom" classname="iut.sae.saecentressante.models.GrapheTest" time="0.002"/>
  <testcase name="testSommetSetTypeG" classname="iut.sae.saecentressante.models.GrapheTest" time="0"/>
  <testcase name="testSommetGetTypeG" classname="iut.sae.saecentressante.models.GrapheTest" time="0.002"/>
  <testcase name="testGetPos" classname="iut.sae.saecentressante.models.GrapheTest" time="0.001"/>
  <testcase name="testAreteGetDist" classname="iut.sae.saecentressante.models.GrapheTest" time="0.001"/>
  <testcase name="testAreteGetFiab" classname="iut.sae.saecentressante.models.GrapheTest" time="0"/>
  <testcase name="testSommetToString" classname="iut.sae.saecentressante.models.GrapheTest" time="0.002"/>
</testsuite>